{"contracts/ImageRegister.sol":{"l":{"64":27,"65":26,"92":17,"93":15,"94":13,"95":12,"97":10,"98":10,"106":10,"108":10,"117":10,"131":5,"132":4,"155":4,"156":4,"157":4,"159":1,"161":1,"177":3,"178":3},"path":"/home/dantas007/Documents/GIT/projeto-multimidia/ipfs-image-dapp/contracts/ImageRegister.sol","s":{"1":27,"2":17,"3":15,"4":13,"5":12,"6":10,"7":10,"8":10,"9":10,"10":5,"11":4,"12":4,"13":4,"14":4,"15":1,"16":1,"17":3,"18":3},"b":{"1":[26,1],"2":[15,2],"3":[13,2],"4":[12,1],"5":[10,2],"6":[4,1],"7":[4,0],"8":[4,0],"9":[1,3]},"f":{"1":27,"2":0,"3":17,"4":5,"5":4,"6":3},"fnMap":{"1":{"name":"stopInEmergency","line":63,"loc":{"start":{"line":63,"column":4},"end":{"line":63,"column":26}}},"2":{"name":null,"line":75,"loc":{"start":{"line":75,"column":4},"end":{"line":75,"column":19}}},"3":{"name":"uploadImage","line":85,"loc":{"start":{"line":85,"column":4},"end":{"line":90,"column":54}}},"4":{"name":"getImageCount","line":126,"loc":{"start":{"line":126,"column":4},"end":{"line":130,"column":5}}},"5":{"name":"getImage","line":146,"loc":{"start":{"line":146,"column":4},"end":{"line":153,"column":7}}},"6":{"name":"emergencyStop","line":176,"loc":{"start":{"line":176,"column":4},"end":{"line":176,"column":53}}}},"statementMap":{"1":{"start":{"line":64,"column":8},"end":{"line":64,"column":24}},"2":{"start":{"line":92,"column":8},"end":{"line":92,"column":45}},"3":{"start":{"line":93,"column":8},"end":{"line":93,"column":71}},"4":{"start":{"line":94,"column":8},"end":{"line":94,"column":49}},"5":{"start":{"line":95,"column":8},"end":{"line":95,"column":69}},"6":{"start":{"line":97,"column":8},"end":{"line":97,"column":31}},"7":{"start":{"line":98,"column":8},"end":{"line":98,"column":3050}},"8":{"start":{"line":108,"column":8},"end":{"line":108,"column":3258}},"9":{"start":{"line":117,"column":8},"end":{"line":117,"column":22}},"10":{"start":{"line":131,"column":8},"end":{"line":131,"column":29}},"11":{"start":{"line":132,"column":8},"end":{"line":132,"column":43}},"12":{"start":{"line":155,"column":8},"end":{"line":155,"column":29}},"13":{"start":{"line":156,"column":8},"end":{"line":156,"column":49}},"14":{"start":{"line":157,"column":8},"end":{"line":157,"column":48}},"15":{"start":{"line":159,"column":8},"end":{"line":159,"column":58}},"16":{"start":{"line":161,"column":8},"end":{"line":161,"column":4787}},"17":{"start":{"line":177,"column":8},"end":{"line":177,"column":22}},"18":{"start":{"line":178,"column":8},"end":{"line":178,"column":43}}},"branchMap":{"1":{"line":64,"type":"if","locations":[{"start":{"line":64,"column":8},"end":{"line":64,"column":8}},{"start":{"line":64,"column":8},"end":{"line":64,"column":8}}]},"2":{"line":92,"type":"if","locations":[{"start":{"line":92,"column":8},"end":{"line":92,"column":8}},{"start":{"line":92,"column":8},"end":{"line":92,"column":8}}]},"3":{"line":93,"type":"if","locations":[{"start":{"line":93,"column":8},"end":{"line":93,"column":8}},{"start":{"line":93,"column":8},"end":{"line":93,"column":8}}]},"4":{"line":94,"type":"if","locations":[{"start":{"line":94,"column":8},"end":{"line":94,"column":8}},{"start":{"line":94,"column":8},"end":{"line":94,"column":8}}]},"5":{"line":95,"type":"if","locations":[{"start":{"line":95,"column":8},"end":{"line":95,"column":8}},{"start":{"line":95,"column":8},"end":{"line":95,"column":8}}]},"6":{"line":131,"type":"if","locations":[{"start":{"line":131,"column":8},"end":{"line":131,"column":8}},{"start":{"line":131,"column":8},"end":{"line":131,"column":8}}]},"7":{"line":155,"type":"if","locations":[{"start":{"line":155,"column":8},"end":{"line":155,"column":8}},{"start":{"line":155,"column":8},"end":{"line":155,"column":8}}]},"8":{"line":156,"type":"if","locations":[{"start":{"line":156,"column":8},"end":{"line":156,"column":8}},{"start":{"line":156,"column":8},"end":{"line":156,"column":8}}]},"9":{"line":157,"type":"if","locations":[{"start":{"line":157,"column":8},"end":{"line":157,"column":8}},{"start":{"line":157,"column":8},"end":{"line":157,"column":8}}]}}}}