TN:
SF:/home/dantas007/Documents/GIT/projeto-multimidia/ipfs-image-dapp/contracts/ImageRegister.sol
FN:63,stopInEmergency
FN:75,
FN:85,uploadImage
FN:126,getImageCount
FN:146,getImage
FN:176,emergencyStop
FNF:6
FNH:5
FNDA:27,stopInEmergency
FNDA:0,
FNDA:17,uploadImage
FNDA:5,getImageCount
FNDA:4,getImage
FNDA:3,emergencyStop
DA:64,27
DA:65,26
DA:92,17
DA:93,15
DA:94,13
DA:95,12
DA:97,10
DA:98,10
DA:106,10
DA:108,10
DA:117,10
DA:131,5
DA:132,4
DA:155,4
DA:156,4
DA:157,4
DA:159,1
DA:161,1
DA:177,3
DA:178,3
LF:20
LH:20
BRDA:64,1,0,26
BRDA:64,1,1,1
BRDA:92,2,0,15
BRDA:92,2,1,2
BRDA:93,3,0,13
BRDA:93,3,1,2
BRDA:94,4,0,12
BRDA:94,4,1,1
BRDA:95,5,0,10
BRDA:95,5,1,2
BRDA:131,6,0,4
BRDA:131,6,1,1
BRDA:155,7,0,4
BRDA:155,7,1,0
BRDA:156,8,0,4
BRDA:156,8,1,0
BRDA:157,9,0,1
BRDA:157,9,1,3
BRF:18
BRH:16
end_of_record
